<?xml version="1.0" encoding="UTF-8"?>
<!-- Generated by org.testng.reporters.JUnitReportReporter -->
<<<<<<< HEAD
<testsuite hostname="DESKTOP-U9P23DR" name="hrmsdp.testscripts.verifylaunchpage" tests="1" failures="0" timestamp="27 Jan 2018 04:17:23 GMT" time="8.571" errors="0">
  <testcase name="launchpage" time="8.571" classname="hrmsdp.testscripts.verifylaunchpage"/>
=======
<testsuite hostname="HW1436" name="hrmsdp.testscripts.verifylaunchpage" tests="1" failures="0" timestamp="8 Dec 2017 09:53:22 GMT" time="34.516" errors="0">
  <testcase name="verifylaunchpage" time="34.516" classname="hrmsdp.testscripts.verifylaunchpage"/>
>>>>>>> branch 'master' of https://github.com/raj7890/HRMDSP_Automation.git
</testsuite> <!-- hrmsdp.testscripts.verifylaunchpage -->
