<?xml version="1.0" encoding="UTF-8"?>
<!-- Generated by org.testng.reporters.JUnitReportReporter -->
<testsuite hostname="HW1686" name="hrmsdp.testscripts.verifylaunchpage" tests="1" failures="0" timestamp="25 Oct 2017 07:56:31 GMT" time="8.868" errors="0">
  <testcase name="verifylaunchpage" time="8.868" classname="hrmsdp.testscripts.verifylaunchpage"/>
</testsuite> <!-- hrmsdp.testscripts.verifylaunchpage -->
