<?xml version="1.0" encoding="UTF-8"?>
<!-- Generated by org.testng.reporters.JUnitReportReporter -->
<testsuite hostname="HW1686" name="CounterWebApp.CounterWebApp.AppTest" tests="3" failures="0" timestamp="25 Oct 2017 07:25:07 GMT" time="33.172" errors="0">
  <testcase name="verifyMasterPage" time="14.106" classname="CounterWebApp.CounterWebApp.AppTest"/>
  <testcase name="verifylaunchpage" time="7.682" classname="CounterWebApp.CounterWebApp.AppTest"/>
  <testcase name="verifylogin" time="11.384" classname="CounterWebApp.CounterWebApp.AppTest"/>
</testsuite> <!-- CounterWebApp.CounterWebApp.AppTest -->
