<?xml version="1.0" encoding="UTF-8"?>
<!-- Generated by org.testng.reporters.JUnitReportReporter -->
<testsuite hostname="DESKTOP-U9P23DR" name="hrmsdp.testscripts.verifylaunchpage" tests="1" failures="0" timestamp="27 Jan 2018 04:17:23 GMT" time="8.571" errors="0">
  <testcase name="launchpage" time="8.571" classname="hrmsdp.testscripts.verifylaunchpage"/>
</testsuite> <!-- hrmsdp.testscripts.verifylaunchpage -->
