<?xml version="1.0" encoding="UTF-8"?>
<!-- Generated by org.testng.reporters.JUnitReportReporter -->
<testsuite hostname="HW1436" name="CounterWebApp.CounterWebApp.AppTest" tests="1" failures="0" timestamp="6 Oct 2017 10:07:51 GMT" time="77.278" errors="0">
  <testcase name="verifylaunchpage" time="77.278" classname="CounterWebApp.CounterWebApp.AppTest"/>
</testsuite> <!-- CounterWebApp.CounterWebApp.AppTest -->
